[1, 2, 3, 4, 5, 10, 20, 50, 100, 200, 500, 1000]
Plasticity 0 0.14740100056091812
Plasticity 1 0.13903199499562924
Plasticity 2 0.1233359900474807
Plasticity 3 0.08913599572881292
Plasticity 4 0.06328800558554784
Plasticity 5 0.0419760007184927
Plasticity 6 0.0017280000508271467
Plasticity 7 0.03002399992066336
Plasticity 8 0.015983997974201657
Plasticity 9 -0.006839999214231514
Plasticity 10 -0.05702399215144992
[0.9847447902058286]
Plasticity 0 0.04802412062485217
Plasticity 1 0.0832480145862458
Plasticity 2 0.11228798824330732
Plasticity 3 0.14326400765760078
Plasticity 4 0.14238395056306538
Plasticity 5 0.12324402284842043
Plasticity 6 0.09213602828830358
Plasticity 7 0.07334798953172268
Plasticity 8 0.07150001053529388
Plasticity 9 0.07994801137244961
Plasticity 10 -0.02745600017897975
[0.9740772017863153]
Plasticity 0 0.09660299894376642
Plasticity 1 0.12462000958579911
Plasticity 2 0.12677998976092983
Plasticity 3 0.12767998770234293
Plasticity 4 0.0913200003570839
Plasticity 5 0.08094000783679761
Plasticity 6 0.0521400065966145
Plasticity 7 0.0429599976674685
Plasticity 8 0.0202799987541852
Plasticity 9 0.03179999985196795
Plasticity 10 -0.040859997799853824
[0.991674380816617]
Plasticity 0 0.09027538467640428
Plasticity 1 0.11821600381227337
Plasticity 2 0.1517039866175991
Plasticity 3 0.11379198341318875
Plasticity 4 0.10455200691959009
Plasticity 5 0.0879759932352337
Plasticity 6 0.04323200383287817
Plasticity 7 0.03499999540260321
Plasticity 8 0.038471999041690824
Plasticity 9 0.03628799989142986
Plasticity 10 -0.03611999914599054
[0.995122397998775]
Plasticity 0 0.08649245399889065
Plasticity 1 0.12802400088078983
Plasticity 2 0.15771603552233077
Plasticity 3 0.13988000358560437
Plasticity 4 0.12422801137044992
Plasticity 5 0.10207599633226502
Plasticity 6 0.07857198712174636
Plasticity 7 0.06297199741373076
Plasticity 8 0.03624400035230629
Plasticity 9 0.0324480060204147
Plasticity 10 -0.03671199874742447
[0.9788650851015409]
Plasticity 0 0.06401608560604949
Plasticity 1 0.1013279989200901
Plasticity 2 0.12192001659447742
Plasticity 3 0.1458719695489783
Plasticity 4 0.16497600526260023
Plasticity 5 0.13199997681238118
Plasticity 6 0.09916798076890532
Plasticity 7 0.08769599555790822
Plasticity 8 0.05491200010480384
Plasticity 9 0.048432001673205036
Plasticity 10 -0.03172800335623295
[0.9541756885097612]
Plasticity 0 0.10963616876391392
Plasticity 1 0.1669920184014215
Plasticity 2 0.15965600371483799
Plasticity 3 0.15058399333456596
Plasticity 4 0.12964001597973937
Plasticity 5 0.10298398567003583
Plasticity 6 0.08248800150222643
Plasticity 7 0.06686398847394556
Plasticity 8 0.0437920015701877
Plasticity 9 0.04681600101715308
Plasticity 10 -0.044239989111425335
[0.9990447519557419]
Plasticity 0 0.12283419037382307
Plasticity 1 0.1572599926460558
Plasticity 2 0.14189999571547562
Plasticity 3 0.12642000320789004
Plasticity 4 0.12534001263654918
Plasticity 5 0.09509999088490596
Plasticity 6 0.05273999693961465
Plasticity 7 0.05699999236744161
Plasticity 8 0.04668000718595579
Plasticity 9 0.016379998246113307
Plasticity 10 -0.045180000861967426
[0.9982308028166811]
Plasticity 0 0.08480803272717427
Plasticity 1 0.12955199535187056
Plasticity 2 0.1638720143158779
Plasticity 3 0.1712159984616854
Plasticity 4 0.12748800333494653
Plasticity 5 0.11942399928057693
Plasticity 6 0.07886400016066215
Plasticity 7 0.0815519945431101
Plasticity 8 0.05831998670663983
Plasticity 9 0.036383993079189776
Plasticity 10 -0.03542399478570124
[0.9810222118548958]
Plasticity 0 0.07786933048751922
Plasticity 1 0.11091600972106239
Plasticity 2 0.14175200293478196
Plasticity 3 0.17087196770388757
Plasticity 4 0.13525198708926928
Plasticity 5 0.09984002538708364
Plasticity 6 0.10561199114164203
Plasticity 7 0.0720199932298295
Plasticity 8 0.0636999839690849
Plasticity 9 0.0495559973426383
Plasticity 10 -0.03416400532541864
[0.9976114808052641]
Plasticity 0 0.14041406180837207
Plasticity 1 0.15852799749620583
Plasticity 2 0.1348480244807616
Plasticity 3 0.13241600126998973
Plasticity 4 0.10873599350805417
Plasticity 5 0.0731519908179873
Plasticity 6 0.049280005361816266
Plasticity 7 0.03859199729777679
Plasticity 8 0.01401600118733557
Plasticity 9 0.03494399516034607
Plasticity 10 -0.049600001727114346
[0.9951361117252908]
Plasticity 0 0.11282411566176932
Plasticity 1 0.1343999952288531
Plasticity 2 0.13679998603863142
Plasticity 3 0.13974000109996992
Plasticity 4 0.09395999600771635
Plasticity 5 0.0797400192899482
Plasticity 6 0.04452000749741527
Plasticity 7 0.02376000044335903
Plasticity 8 0.014339999315373497
Plasticity 9 0.012780000796422247
Plasticity 10 -0.04206000503541918
[0.9946574470245554]
Plasticity 0 0.11870954471163264
Plasticity 1 0.11934001998908661
Plasticity 2 0.10635200107441067
Plasticity 3 0.12158400441312656
Plasticity 4 0.08159999853171909
Plasticity 5 0.04175199462770906
Plasticity 6 0.004895999156302305
Plasticity 7 0.00945199984510683
Plasticity 8 0.0019040000829367294
Plasticity 9 0.019992002424502595
Plasticity 10 -0.0512039963733432
[0.9822299606227283]
Plasticity 0 0.14816482202768075
Plasticity 1 0.12477998555171212
Plasticity 2 0.13797200941459292
Plasticity 3 0.12614000083040067
Plasticity 4 0.08670000918812464
Plasticity 5 0.058615994118176584
Plasticity 6 0.024479999118562277
Plasticity 7 0.011287999770179762
Plasticity 8 0.019855999324949438
Plasticity 9 0.027471997325030494
Plasticity 10 -0.05215601193166697
[0.99161345869198]
Plasticity 0 0.1222311328071636
Plasticity 1 0.14699998180751883
Plasticity 2 0.140399985590707
Plasticity 3 0.13847996920245742
Plasticity 4 0.11496000716213362
Plasticity 5 0.08351999310484792
Plasticity 6 0.0648599981753957
Plasticity 7 0.04409999566758194
Plasticity 8 0.039540006175365516
Plasticity 9 0.029280001743390405
Plasticity 10 -0.045299998218030546
[0.9771244541075541]
Plasticity 0 0.07945326630543326
Plasticity 1 0.12302396707942687
Plasticity 2 0.16128001670827985
Plasticity 3 0.17865595111283478
Plasticity 4 0.14183997267672452
Plasticity 5 0.08740798615678354
Plasticity 6 0.04708798976825479
Plasticity 7 0.033743999853982784
Plasticity 8 0.014016000455443826
Plasticity 9 0.014111999305336565
Plasticity 10 -0.033023995036957896
[0.9994946416835665]
Plasticity 0 0.07863315732236839
Plasticity 1 0.11520001581118976
Plasticity 2 0.14385598458432322
Plasticity 3 0.17107199336096496
Plasticity 4 0.1364640126145843
Plasticity 5 0.08894400153604125
Plasticity 6 0.06475200639902233
Plasticity 7 0.023039999460622754
Plasticity 8 0.016463998390912
Plasticity 9 0.0035039998201536137
Plasticity 10 -0.03230399654984648
[0.9573300362008585]
Plasticity 0 0.1495316574686692
Plasticity 1 0.15266000997629176
Plasticity 2 0.1259360038037338
Plasticity 3 0.09894000459039905
Plasticity 4 0.10471999782087192
Plasticity 5 0.05270000542374276
Plasticity 6 0.02488799862526738
Plasticity 7 0.026520000556850828
Plasticity 8 0.014008001957742256
Plasticity 9 0.0031279999172827647
Plasticity 10 -0.053720000549898776
[0.9917058495533526]
Plasticity 0 0.07917588561637763
Plasticity 1 0.11573998081472589
Plasticity 2 0.1267200052527039
Plasticity 3 0.14304002664879795
Plasticity 4 0.11574001417455121
Plasticity 5 0.06804000025973295
Plasticity 6 0.07325999746817258
Plasticity 7 0.02921999809236557
Plasticity 8 0.0012000000812003365
Plasticity 9 0.012540001972755593
Plasticity 10 -0.040499998611497175
[0.9921766484052014]
Plasticity 0 0.07922815553294894
Plasticity 1 0.11611597383392687
Plasticity 2 0.14544400086271203
Plasticity 3 0.1676479710312205
Plasticity 4 0.1179879756265651
Plasticity 5 0.07976800229340511
Plasticity 6 0.05553600163068785
Plasticity 7 0.04159999129411916
Plasticity 8 0.02620800097132288
Plasticity 9 0.03010800235819168
Plasticity 10 -0.03286399535330735
[0.9733665617194867]
Plasticity 0 0.061511561233801325
Plasticity 1 0.09754801931082721
Plasticity 2 0.13248400432933682
Plasticity 3 0.16645201617505712
Plasticity 4 0.15179998932263639
Plasticity 5 0.13314396556403807
Plasticity 6 0.1096919681583029
Plasticity 7 0.05706799705569577
Plasticity 8 0.045936002011785944
Plasticity 9 0.039335995692954304
Plasticity 10 -0.030931999149590144
[0.9975931491469752]
Plasticity 0 0.07079798932632576
Plasticity 1 0.1010239950878553
Plasticity 2 0.13314399302240731
Plasticity 3 0.16060001202846352
Plasticity 4 0.162139992947803
Plasticity 5 0.10384001972046625
Plasticity 6 0.09402800344266629
Plasticity 7 0.043823987327181145
Plasticity 8 0.031195994457201115
Plasticity 9 0.024859995949242517
Plasticity 10 -0.030052003663092193
[0.9781523657560671]
Plasticity 0 0.13470149086900013
Plasticity 1 0.14157598977812222
Plasticity 2 0.11063598333639432
Plasticity 3 0.12185600290378634
Plasticity 4 0.0718760060069324
Plasticity 5 0.04964000228042769
Plasticity 6 0.024207997241582742
Plasticity 7 0.027403998786363543
Plasticity 8 0.02366399717539287
Plasticity 9 0.024003998025136558
Plasticity 10 -0.05351599225440964
[0.9883813184798311]
Plasticity 0 0.0629065160581902
Plasticity 1 0.1042559879614951
Plasticity 2 0.13190399659357688
Plasticity 3 0.14476800540172746
Plasticity 4 0.14313598922845902
Plasticity 5 0.11865598440524677
Plasticity 6 0.09014401113957582
Plasticity 7 0.051744006626552874
Plasticity 8 0.03220799585833307
Plasticity 9 0.03331199520376156
Plasticity 10 -0.031056000589758374
[0.9969319024271618]
Plasticity 0 0.07323013439391637
Plasticity 1 0.10819198697929172
Plasticity 2 0.1415999776791737
Plasticity 3 0.16128001859221935
Plasticity 4 0.15624002475374305
Plasticity 5 0.0964319932474504
Plasticity 6 0.051408007223021024
Plasticity 7 0.04574399695509879
Plasticity 8 0.021791996566095637
Plasticity 9 0.018624000910043972
Plasticity 10 -0.03316799429792817
[0.9989286780783915]
Plasticity 0 0.09320201554843284
Plasticity 1 0.1467760230906634
Plasticity 2 0.15708003288248235
Plasticity 3 0.1456559677206943
Plasticity 4 0.13260801085046353
Plasticity 5 0.08607199833815495
Plasticity 6 0.07739200928594206
Plasticity 7 0.05319999530684376
Plasticity 8 0.03572799766344906
Plasticity 9 0.033768004175603716
Plasticity 10 -0.041159992814168544
[0.9976581809898925]
Plasticity 0 0.12303115681190555
Plasticity 1 0.15601602774684364
Plasticity 2 0.15568001334778386
Plasticity 3 0.14224001031137665
Plasticity 4 0.10903200342007097
Plasticity 5 0.09553601108028
Plasticity 6 0.07756000992317047
Plasticity 7 0.062048001639484374
Plasticity 8 0.04026400316933408
Plasticity 9 0.04922399620351402
Plasticity 10 -0.04300800847321575
[0.9989119196410048]
Plasticity 0 0.08466331719445362
Plasticity 1 0.0587999979404003
Plasticity 2 0.059439994631252185
Plasticity 3 0.04560000337477757
Plasticity 4 0.020080000796790745
Plasticity 5 0.03895999951590057
Plasticity 6 0.01671999896536836
Plasticity 7 0.028800005147274713
Plasticity 8 0.015920000720342373
Plasticity 9 -0.007040001425972595
Plasticity 10 -0.06376000407953977
[0.9665485235343764]
Plasticity 0 0.1103115830669259
Plasticity 1 0.1524319926605005
Plasticity 2 0.1597119744496403
Plasticity 3 0.13910398972167987
Plasticity 4 0.13008802180935203
Plasticity 5 0.10449599514100458
Plasticity 6 0.07951999755715583
Plasticity 7 0.05622400019776397
Plasticity 8 0.029624004648662244
Plasticity 9 0.02531200029776017
Plasticity 10 -0.04155199920577616
[0.9790430764895485]
Plasticity 0 0.14526633501948288
Plasticity 1 0.16829999123590786
Plasticity 2 0.15173996320237157
Plasticity 3 0.15264001439225652
Plasticity 4 0.10895999476288856
Plasticity 5 0.07103999682203685
Plasticity 6 0.08334000583366194
Plasticity 7 0.06269998872726977
Plasticity 8 0.03210000711187986
Plasticity 9 0.03762000453819071
Plasticity 10 -0.04644000737475361
[0.9969045660472932]
Plasticity 0 0.038026139038935536
Plasticity 1 0.05871600140746052
Plasticity 2 0.07966801158013703
Plasticity 3 0.10350001956080732
Plasticity 4 0.11131201229972523
Plasticity 5 0.12204001862010913
Plasticity 6 0.11912395652318265
Plasticity 7 0.11041196048468394
Plasticity 8 0.08254797744161545
Plasticity 9 0.08405999208818787
Plasticity 10 -0.02131200829727546
[0.8936929201397116]
Plasticity 0 0.08813666482520521
Plasticity 1 0.13180799384220018
Plasticity 2 0.16708798564014643
Plasticity 3 0.1697760350645608
Plasticity 4 0.139103996561881
Plasticity 5 0.10257599487002518
Plasticity 6 0.0633119939515745
Plasticity 7 0.07382400268944181
Plasticity 8 0.06993600322861168
Plasticity 9 0.04771199945354482
Plasticity 10 -0.03542400053885155
[0.9994716332766337]
Plasticity 0 0.06018492428428626
Plasticity 1 0.09745999552751743
Plasticity 2 0.12931597653994759
Plasticity 3 0.15950002794448692
Plasticity 4 0.15769598176740807
Plasticity 5 0.1301519964130762
Plasticity 6 0.09622798471182288
Plasticity 7 0.07458002078558612
Plasticity 8 0.033616000504421956
Plasticity 9 0.024199999786753947
Plasticity 10 -0.03009599530170198
[0.9585097891796986]
Plasticity 0 0.08041810622914643
Plasticity 1 0.11990397460332702
Plasticity 2 0.16291199932564726
Plasticity 3 0.16348801191269258
Plasticity 4 0.1663679626057777
Plasticity 5 0.09297599079387295
Plasticity 6 0.07713602911632278
Plasticity 7 0.02568000495905412
Plasticity 8 0.032784005259831196
Plasticity 9 0.0556319944458473
Plasticity 10 -0.034511998869049515
[0.9610901173732439]
Plasticity 0 0.10376683926792594
Plasticity 1 0.0835199989377842
Plasticity 2 0.10490400541621268
Plasticity 3 0.09381599453768989
Plasticity 4 0.0526319945018698
Plasticity 5 0.02534400262986925
Plasticity 6 0.005039999430913328
Plasticity 7 -0.0010079998808324065
Plasticity 8 -0.006696000610845646
Plasticity 9 0.0019439998680522395
Plasticity 10 -0.05205599956033584
[0.9718705223094506]
Plasticity 0 0.06600604063826236
Plasticity 1 0.10207599241981699
Plasticity 2 0.1329640186792837
Plasticity 3 0.15392000586831692
Plasticity 4 0.13473198197421798
Plasticity 5 0.11746802596732767
Plasticity 6 0.08741201144430263
Plasticity 7 0.06240001255234564
Plasticity 8 0.06213998977616698
Plasticity 9 0.08039198584306059
Plasticity 10 -0.03234399256750545
[0.9960164759671915]
Plasticity 0 0.014592964821891072
Plasticity 1 0.003079999791460496
Plasticity 2 -0.0039600001005693705
Plasticity 3 -0.005103999472809267
Plasticity 4 0.03115199968167013
Plasticity 5 0.009239999316620076
Plasticity 6 0.011704000040295343
Plasticity 7 0.027895999970877165
Plasticity 8 0.007480000532827375
Plasticity 9 0.014167999314201256
Plasticity 10 -0.07048799317213969
[0.9208165771508879]
Plasticity 0 0.0811095552725184
Plasticity 1 0.12131599612561554
Plasticity 2 0.14981199413452642
Plasticity 3 0.14835597844363582
Plasticity 4 0.11621998554888707
Plasticity 5 0.07992399746355523
Plasticity 6 0.05912400194785715
Plasticity 7 0.045136000285330116
Plasticity 8 0.032239995424035627
Plasticity 9 0.020799997705538628
Plasticity 10 -0.03504799642819964
[0.9979357025540014]
Plasticity 0 0.10096884735266923
Plasticity 1 0.14106398542456036
Plasticity 2 0.13440000326033735
Plasticity 3 0.09609600731398249
Plasticity 4 0.11362400397695763
Plasticity 5 0.10886401293525542
Plasticity 6 0.08859198244576624
Plasticity 7 0.06736800433840909
Plasticity 8 0.051463991414600674
Plasticity 9 0.04603200169640846
Plasticity 10 -0.041944001990410186
[0.9981160299092722]
Plasticity 0 0.1941587535499825
Plasticity 1 0.16979599388496142
Plasticity 2 0.11389998697665643
Plasticity 3 0.11995199776588342
Plasticity 4 0.09526801823072883
Plasticity 5 0.03325200116505943
Plasticity 6 0.021556000034691943
Plasticity 7 0.020604001214690457
Plasticity 8 0.02339200241669277
Plasticity 9 0.02298400048685561
Plasticity 10 -0.0547400068079265
[0.9932721638441504]
Plasticity 0 0.0980984607456918
Plasticity 1 0.13512800822495238
Plasticity 2 0.14128799349107288
Plasticity 3 0.1383199675643802
Plasticity 4 0.10533599336971686
Plasticity 5 0.08607200321256783
Plasticity 6 0.049000006238288804
Plasticity 7 0.032592000515323544
Plasticity 8 0.004367999903460137
Plasticity 9 0.0029119999938608406
Plasticity 10 -0.037519994401581935
[0.9727096788019589]
Plasticity 0 0.09585527090866716
Plasticity 1 0.13790397919104258
Plasticity 2 0.16084801800264087
Plasticity 3 0.1507199873250358
Plasticity 4 0.1380480226780209
Plasticity 5 0.12153601706153441
Plasticity 6 0.09427201048796557
Plasticity 7 0.08155199815264016
Plasticity 8 0.057599995597481704
Plasticity 9 0.04646400012648736
Plasticity 10 -0.03667200827220667
[0.9815803516750402]
Plasticity 0 0.09834774921115282
Plasticity 1 0.12115199404046062
Plasticity 2 0.1299840050419208
Plasticity 3 0.1160960072274611
Plasticity 4 0.08620800562517841
Plasticity 5 0.07328000908019572
Plasticity 6 0.04755200407808399
Plasticity 7 0.024639999284050067
Plasticity 8 0.010304000499366068
Plasticity 9 0.009279998609587378
Plasticity 10 -0.04614400008899788
[0.9914917631694147]
Plasticity 0 0.12583718274406278
Plasticity 1 0.11095199309633372
Plasticity 2 0.08683200138777841
Plasticity 3 0.11138400357331847
Plasticity 4 0.053423996076610386
Plasticity 5 0.03816000064310156
Plasticity 6 0.020448002140047872
Plasticity 7 0.028656002608026622
Plasticity 8 0.005975998774242737
Plasticity 9 0.002951999993559827
Plasticity 10 -0.056087995236302826
[0.9758920054028727]
Plasticity 0 0.13183517091339642
Plasticity 1 0.10693201801803567
Plasticity 2 0.07888798881853677
Plasticity 3 0.07987601315702725
Plasticity 4 0.06467600246833508
Plasticity 5 0.029032005265712785
Plasticity 6 0.02059599738568396
Plasticity 7 0.037848000603559084
Plasticity 8 0.011399999330453452
Plasticity 9 0.018088000785317748
Plasticity 10 -0.06209199220525263
[0.9785061799221779]
Plasticity 0 0.13832763507052853
Plasticity 1 0.10959200257173199
Plasticity 2 0.08527200083352675
Plasticity 3 0.04050799612150491
Plasticity 4 0.03625200437802481
Plasticity 5 0.03344000418383761
Plasticity 6 0.023408002817756644
Plasticity 7 0.002888000154361245
Plasticity 8 0.027891999086615268
Plasticity 9 0.016871999075013668
Plasticity 10 -0.06353600592142897
[0.9806313698945002]
Plasticity 0 0.1415075491337175
Plasticity 1 0.1338879907511559
Plasticity 2 0.1342719969857874
Plasticity 3 0.13062401257977332
Plasticity 4 0.10636799994613733
Plasticity 5 0.06604800257240503
Plasticity 6 0.062144011027094416
Plasticity 7 0.03948799545827851
Plasticity 8 0.022847998063895474
Plasticity 9 0.011264000756852431
Plasticity 10 -0.049919993867471174
[0.9740531248733567]
Plasticity 0 0.04735677444496471
Plasticity 1 0.07952000217473112
Plasticity 2 0.10824002267808597
Plasticity 3 0.13936002341472925
Plasticity 4 0.14239998174831642
Plasticity 5 0.13547996171464347
Plasticity 6 0.1243599908618715
Plasticity 7 0.09668001017850555
Plasticity 8 0.050679995600145314
Plasticity 9 0.029800001672505853
Plasticity 10 -0.027359999281417385
[0.9400163831614492]
Plasticity 0 0.07279597146132219
Plasticity 1 0.10075201825540762
Plasticity 2 0.12744002534997872
Plasticity 3 0.16252801479096662
Plasticity 4 0.1581120021768021
Plasticity 5 0.12417599644599629
Plasticity 6 0.07545598994097637
Plasticity 7 0.0524640003073828
Plasticity 8 0.025104002983621126
Plasticity 9 0.014927998627073431
Plasticity 10 -0.0315360038191911
[0.9976501450277345]
Plasticity 0 0.11084623318031689
Plasticity 1 0.15293199702400995
Plasticity 2 0.1723279826434688
Plasticity 3 0.1480960007011372
Plasticity 4 0.12490400580862034
Plasticity 5 0.10774402661656574
Plasticity 6 0.08720400135445994
Plasticity 7 0.07227999995371429
Plasticity 8 0.050440002280158824
Plasticity 9 0.04929600049096054
Plasticity 10 -0.03972800296975298
[0.981759294438321]
Plasticity 0 0.09961808012303355
Plasticity 1 0.1460479895639952
Plasticity 2 0.15601599740646876
Plasticity 3 0.14722399112479756
Plasticity 4 0.12347997813733683
Plasticity 5 0.07901599557254893
Plasticity 6 0.07811999599220493
Plasticity 7 0.03304000219956989
Plasticity 8 0.03836000513005694
Plasticity 9 0.03466399981073882
Plasticity 10 -0.0409360059064668
[0.9987656660696267]
Plasticity 0 0.08826933591319852
Plasticity 1 0.13322401332573378
Plasticity 2 0.1696240077509824
Plasticity 3 0.1558960109324296
Plasticity 4 0.12188799231900474
Plasticity 5 0.08840000749099883
Plasticity 6 0.08850400416979913
Plasticity 7 0.07753199982515248
Plasticity 8 0.04076800052696497
Plasticity 9 0.03556799870773272
Plasticity 10 -0.0383760022550729
[0.9996273055724905]
Plasticity 0 0.12513366420405053
Plasticity 1 0.1379039805094036
Plasticity 2 0.1117240119274448
Plasticity 3 0.10743997911871049
Plasticity 4 0.08472799704965787
Plasticity 5 0.05093200309550984
Plasticity 6 0.035972001593132734
Plasticity 7 0.031959995492402055
Plasticity 8 0.020739997581653572
Plasticity 9 0.002516000109282341
Plasticity 10 -0.05242799939400336
[0.9885830498621269]
Plasticity 0 0.12958794812716576
Plasticity 1 0.15486000727206306
Plasticity 2 0.11772000217246688
Plasticity 3 0.1348799907603376
Plasticity 4 0.12546000278986688
Plasticity 5 0.0954600084128508
Plasticity 6 0.061680005611641164
Plasticity 7 0.05964000228514636
Plasticity 8 0.034740004386256046
Plasticity 9 0.02916000035719265
Plasticity 10 -0.046560003401209346
[0.9969287038544473]
Plasticity 0 0.11301306573876732
Plasticity 1 0.13955197249517215
Plasticity 2 0.1506400226752041
Plasticity 3 0.12146400927547667
Plasticity 4 0.12415200936894008
Plasticity 5 0.10169597679838194
Plasticity 6 0.07940799408688692
Plasticity 7 0.06249600357930006
Plasticity 8 0.03852800146514959
Plasticity 9 0.029735997686188814
Plasticity 10 -0.04244799200684901
[0.9976673907431008]
Plasticity 0 0.05294472105971084
Plasticity 1 0.08132000828447564
Plasticity 2 0.11255998237104939
Plasticity 3 0.13556000038588878
Plasticity 4 0.1446000285639809
Plasticity 5 0.13832000463925495
Plasticity 6 0.10879998656534853
Plasticity 7 0.08972001070315724
Plasticity 8 0.06284000385257019
Plasticity 9 0.05048000784424277
Plasticity 10 -0.025840004210237272
[0.9550091732614645]
Plasticity 0 0.10438190868579769
Plasticity 1 0.13613996809834414
Plasticity 2 0.1322399940380562
Plasticity 3 0.1367400089195521
Plasticity 4 0.10511999153252237
Plasticity 5 0.06749999527023735
Plasticity 6 0.053520012928396116
Plasticity 7 0.041400000242411535
Plasticity 8 0.028260005445925274
Plasticity 9 0.029280000255713277
Plasticity 10 -0.04115999432039698
[0.9954729188713001]
Plasticity 0 0.10457085806041233
Plasticity 1 0.14823198691612408
Plasticity 2 0.159039996213851
Plasticity 3 0.13165601159439738
Plasticity 4 0.09251200780541875
Plasticity 5 0.09984798621718695
Plasticity 6 0.07711200611196331
Plasticity 7 0.06815199298805809
Plasticity 8 0.04491200821751244
Plasticity 9 0.04121599811514319
Plasticity 10 -0.04138399435000301
[0.9990525514040602]
Plasticity 0 0.11188741638505234
Plasticity 1 0.14431197444893296
Plasticity 2 0.15971198414945928
Plasticity 3 0.140952044447337
Plasticity 4 0.1140720141037937
Plasticity 5 0.09055200010518424
Plasticity 6 0.06344798695899012
Plasticity 7 0.05801599109443764
Plasticity 8 0.026991999556196283
Plasticity 9 0.016352000283260674
Plasticity 10 -0.04082399533558588
[0.9786031005845786]
Plasticity 0 0.11014272897154356
Plasticity 1 0.14526399734624
Plasticity 2 0.15226397506056744
Plasticity 3 0.1330560129396087
Plasticity 4 0.11519199006306777
Plasticity 5 0.09256799758879641
Plasticity 6 0.07733602042988291
Plasticity 7 0.049784013152449375
Plasticity 8 0.02884000082237676
Plasticity 9 0.02704800004348073
Plasticity 10 -0.0411040072799992
[0.9772115428864087]
Plasticity 0 0.044671346505305534
Plasticity 1 0.07415999220891423
Plasticity 2 0.11020795549920472
Plasticity 3 0.1380959795568996
Plasticity 4 0.14015999878462854
Plasticity 5 0.13507198894369798
Plasticity 6 0.09609599798166163
Plasticity 7 0.08995201593897315
Plasticity 8 0.060240008950246005
Plasticity 9 0.05937599687894851
Plasticity 10 -0.02894399362151407
[0.9988006788523731]
Plasticity 0 0.03979899184431584
Plasticity 1 0.064160005999797
Plasticity 2 0.09020001435066652
Plasticity 3 0.11815998366107051
Plasticity 4 0.13472001556336055
Plasticity 5 0.14560000437552
Plasticity 6 0.13075999899684598
Plasticity 7 0.10475999976746996
Plasticity 8 0.08032000204259163
Plasticity 9 0.0742800047666125
Plasticity 10 -0.025919999517335184
[0.9551373776387342]
Plasticity 0 0.11885428395062994
Plasticity 1 0.15743999561382263
Plasticity 2 0.15683997441728048
Plasticity 3 0.12714000646258003
Plasticity 4 0.10739998110954822
Plasticity 5 0.08555999333403633
Plasticity 6 0.06395998923377762
Plasticity 7 0.033900000506263614
Plasticity 8 0.036539998799371615
Plasticity 9 0.021059998809289236
Plasticity 10 -0.044220000081548826
[0.9978920243357043]
Plasticity 0 0.08960000443850327
Plasticity 1 0.11039997295262347
Plasticity 2 0.1262720058987849
Plasticity 3 0.12255999359818874
Plasticity 4 0.09900800921263603
Plasticity 5 0.06425600072351079
Plasticity 6 0.03404799576463342
Plasticity 7 0.0255360010347866
Plasticity 8 0.017279999045686216
Plasticity 9 0.023295998503555293
Plasticity 10 -0.043903995444316286
[0.9875078932343613]
Plasticity 0 0.05060502616067239
Plasticity 1 0.0869280096979875
Plasticity 2 0.12403202662541044
Plasticity 3 0.14956800623329455
Plasticity 4 0.1496640348087766
Plasticity 5 0.12859197912927323
Plasticity 6 0.1045440000798541
Plasticity 7 0.05903998947105684
Plasticity 8 0.04737598936840466
Plasticity 9 0.03902399071834291
Plasticity 10 -0.03004800512292958
[0.9984523805006413]
Plasticity 0 0.06773064405533066
Plasticity 1 0.10810801171340602
Plasticity 2 0.13052000611484985
Plasticity 3 0.15886002451061948
Plasticity 4 0.11580400209487712
Plasticity 5 0.097083985171137
Plasticity 6 0.06343999654732366
Plasticity 7 0.04300399540982069
Plasticity 8 0.03832400435211185
Plasticity 9 0.018252000229275776
Plasticity 10 -0.03478799478092111
[0.9760168514291853]
Plasticity 0 0.037555776474993384
Plasticity 1 0.06336002165734934
Plasticity 2 0.08859601645131336
Plasticity 3 0.10695599266687303
Plasticity 4 0.12470407564546687
Plasticity 5 0.1332360080345653
Plasticity 6 0.12038403608638068
Plasticity 7 0.0939960046564452
Plasticity 8 0.08434800275552301
Plasticity 9 0.06998397592449984
Plasticity 10 -0.023292007543873637
[0.9009840114922754]
Plasticity 0 0.05134070468811582
Plasticity 1 0.09209201246591607
Plasticity 2 0.12196801778967965
Plasticity 3 0.1567719999306608
Plasticity 4 0.1641639868201366
Plasticity 5 0.1320440136677422
Plasticity 6 0.10515998176797417
Plasticity 7 0.06938799854597341
Plasticity 8 0.033439998724466805
Plasticity 9 0.01205600177654935
Plasticity 10 -0.029744004794629797
[0.9576575808931287]
Plasticity 0 0.09150954110144799
Plasticity 1 0.1322360028365781
Plasticity 2 0.15891199843151027
Plasticity 3 0.13681202992394653
Plasticity 4 0.12698400492325074
Plasticity 5 0.10868001889715193
Plasticity 6 0.05980001635804011
Plasticity 7 0.056992005751885164
Plasticity 8 0.05657599912108899
Plasticity 9 0.03863599269740321
Plasticity 10 -0.03702400066623698
[0.9992635966361979]
Plasticity 0 0.09199597366863702
Plasticity 1 0.127584018771331
Plasticity 2 0.16382398036796259
Plasticity 3 0.1509119528221496
Plasticity 4 0.11376000025095334
Plasticity 5 0.1092480172244055
Plasticity 6 0.07200000291564443
Plasticity 7 0.08150399841552375
Plasticity 8 0.06753600923970296
Plasticity 9 0.040895991102896614
Plasticity 10 -0.035471998338869104
[0.946349689839937]
Plasticity 0 0.1345929470605432
Plasticity 1 0.16158001152645826
Plasticity 2 0.1443600009601418
Plasticity 3 0.13782001030896554
Plasticity 4 0.11999999784702745
Plasticity 5 0.09282000097849713
Plasticity 6 0.06042000417376914
Plasticity 7 0.05411999840271562
Plasticity 8 0.04133999138023392
Plasticity 9 0.048839999748885726
Plasticity 10 -0.045300007785048176
[0.9979761719745955]
Plasticity 0 0.06611054902874952
Plasticity 1 0.1083719968021061
Plasticity 2 0.13367200235936316
Plasticity 3 0.1602039509090179
Plasticity 4 0.13477198734973322
Plasticity 5 0.12724801513685996
Plasticity 6 0.09790002680655155
Plasticity 7 0.06190801524317092
Plasticity 8 0.06718799183925478
Plasticity 9 0.06212800680242808
Plasticity 10 -0.03234000330550596
[0.9624409950096297]
Plasticity 0 0.14713567845245565
Plasticity 1 0.1746599774757726
Plasticity 2 0.1516199791079471
Plasticity 3 0.1378799719589603
Plasticity 4 0.10812001436055182
Plasticity 5 0.08153999256225045
Plasticity 6 0.061139999471021556
Plasticity 7 0.038639987715599206
Plasticity 8 0.0298800049604373
Plasticity 9 0.03870000111114408
Plasticity 10 -0.048000000161130985
[0.9946735119220871]
Plasticity 0 0.17128843418218645
Plasticity 1 0.18598393918310044
Plasticity 2 0.1344639894881408
Plasticity 3 0.12172799757554624
Plasticity 4 0.1137280107898132
Plasticity 5 0.07903998952651199
Plasticity 6 0.03680000724381456
Plasticity 7 0.0371840021427288
Plasticity 8 0.013312002346403416
Plasticity 9 0.025663996188066404
Plasticity 10 -0.052864003582560326
[0.996031560880571]
Plasticity 0 0.15021508199762482
Plasticity 1 0.16449202829804577
Plasticity 2 0.12185600288229666
Plasticity 3 0.10845999760580588
Plasticity 4 0.08030800506752293
Plasticity 5 0.043247997612875205
Plasticity 6 0.024615997387977356
Plasticity 7 0.023731995257520337
Plasticity 8 0.011152001939833728
Plasticity 9 0.017476001723664605
Plasticity 10 -0.0549440065080915
[0.9897530341322636]
Plasticity 0 0.10836181648971854
Plasticity 1 0.14562000639704145
Plasticity 2 0.14165997741533135
Plasticity 3 0.12911998074782527
Plasticity 4 0.11706002957917902
Plasticity 5 0.08573998833024066
Plasticity 6 0.06252000533593616
Plasticity 7 0.04878000285104257
Plasticity 8 0.036660000615678465
Plasticity 9 0.034619999837079
Plasticity 10 -0.046079996891888284
[0.9946843181591146]
Plasticity 0 0.07923617798009604
Plasticity 1 0.11790003702939486
Plasticity 2 0.12144001261687144
Plasticity 3 0.1305599668172162
Plasticity 4 0.11819999221406322
Plasticity 5 0.05771999112825068
Plasticity 6 0.06653999410728043
Plasticity 7 0.04409999387044875
Plasticity 8 0.02381999937086885
Plasticity 9 0.038160000951158624
Plasticity 10 -0.04146000062965187
[0.9926249678787676]
Plasticity 0 0.1080120490459563
Plasticity 1 0.13915200475657846
Plasticity 2 0.16968002492472767
Plasticity 3 0.15796802534358473
Plasticity 4 0.12254401273829639
Plasticity 5 0.10348800405045412
Plasticity 6 0.08577598913370607
Plasticity 7 0.07032000353446047
Plasticity 8 0.0704160002799005
Plasticity 9 0.05539199278562524
Plasticity 10 -0.037535994874388134
[0.9809393169841021]
Plasticity 0 0.10803615731716584
Plasticity 1 0.10641598228542237
Plasticity 2 0.10461599867241678
Plasticity 3 0.11419199969734253
Plasticity 4 0.053568000647997854
Plasticity 5 0.03643199474076856
Plasticity 6 0.020160003528218475
Plasticity 7 0.004463999877965516
Plasticity 8 0.004464000930939658
Plasticity 9 0.004319999610191912
Plasticity 10 -0.05435999629158624
[0.9758615483100748]
Plasticity 0 0.08868341965869977
Plasticity 1 0.07384000246473076
Plasticity 2 0.06464000563907898
Plasticity 3 0.06863999518328331
Plasticity 4 0.025359999246000662
Plasticity 5 0.035760003756576716
Plasticity 6 0.017919996849923406
Plasticity 7 0.0100799994368503
Plasticity 8 0.026800003492910555
Plasticity 9 0.018479998547614944
Plasticity 10 -0.06296000695870012
[0.965845631285716]
Plasticity 0 0.10685428221974
Plasticity 1 0.1333799980715676
Plasticity 2 0.12107998309077153
Plasticity 3 0.1308000061383972
Plasticity 4 0.11813999008328144
Plasticity 5 0.08610000737826691
Plasticity 6 0.05159999946674363
Plasticity 7 0.018359997362680715
Plasticity 8 0.02045999779160237
Plasticity 9 0.013739997287166565
Plasticity 10 -0.043679999946255155
[0.9714159954300161]
Plasticity 0 0.07975879344293776
Plasticity 1 0.05695999281219265
Plasticity 2 0.06176000069908418
Plasticity 3 0.05960000784399226
Plasticity 4 0.04319999848755894
Plasticity 5 0.027439997592877612
Plasticity 6 0.01768000245882689
Plasticity 7 0.009520001248590695
Plasticity 8 -0.0027999998812441966
Plasticity 9 0.004160000086001668
Plasticity 10 -0.062239998820263154
[0.9605858673164785]
Plasticity 0 0.09893064842855454
Plasticity 1 0.13665597521715653
Plasticity 2 0.1663479614171703
Plasticity 3 0.15220397529854102
Plasticity 4 0.11741598254136879
Plasticity 5 0.08346000953207862
Plasticity 6 0.04113199964046989
Plasticity 7 0.027768002613812105
Plasticity 8 0.009255999089839421
Plasticity 9 -0.006083998573542226
Plasticity 10 -0.035047993356020046
[0.9988364539199097]
Plasticity 0 0.1514773855001474
Plasticity 1 0.15660799364477335
Plasticity 2 0.15385600719080644
Plasticity 3 0.13612800150109944
Plasticity 4 0.09196799911792164
Plasticity 5 0.05081599551473849
Plasticity 6 0.04819200582562126
Plasticity 7 0.03225599944920515
Plasticity 8 0.02643199756256518
Plasticity 9 0.03718399924595507
Plasticity 10 -0.05113599086179091
[0.9956392797280669]
Plasticity 0 0.07035176588327746
Plasticity 1 0.10309599998304783
Plasticity 2 0.1319359903587039
Plasticity 3 0.14587997512712592
Plasticity 4 0.1248800087931852
Plasticity 5 0.07195998447661946
Plasticity 6 0.054543996109853665
Plasticity 7 0.04563999429965468
Plasticity 8 0.05286399322690993
Plasticity 9 0.05947200084098132
Plasticity 10 -0.035896001115810296
[0.9410464907870126]
Plasticity 0 0.08748543319644278
Plasticity 1 0.12136800987916954
Plasticity 2 0.14939601545265027
Plasticity 3 0.15844401442183528
Plasticity 4 0.12017199727280942
Plasticity 5 0.08782802048969897
Plasticity 6 0.0799760037822406
Plasticity 7 0.026676001461402768
Plasticity 8 0.024023998136876126
Plasticity 9 0.020488003049029018
