Plasticity 0 0.03359260758262021
Plasticity 1 0.13814925354934005
Plasticity 2 0.16186918195596725
Plasticity 3 0.13702251139757524
Plasticity 4 0.14270626645227946
Plasticity 5 0.18206905971125698
Plasticity 6 0.19449385839464056
Plasticity 7 0.21338722286307016
Plasticity 8 0.18949359128836396
Plasticity 9 0.09692093429931374
Plasticity 10 0.11763043639937909
Plasticity 11 0.23712634183670503
Plasticity 12 0.2305534475197148
Plasticity 13 0.24969129840751836
Plasticity 14 0.25813919406783914
Plasticity 15 0.2524820299804903
Plasticity 16 0.2494571262007206
Plasticity 17 0.2402444247113032
Plasticity 18 0.2361338805037799
Plasticity 19 0.16045580127357506
Plasticity 20 0.17934386324947377
Plasticity 21 0.23653645942903104
Plasticity 22 0.23904108912367086
Plasticity 23 0.259487393638758
Plasticity 24 0.2565404537066267
Plasticity 25 0.24341024580720483
Plasticity 26 0.26112185453445197
Plasticity 27 0.23126639753075248
Plasticity 28 0.24722691294020133
Plasticity 29 0.14474376372331724
Plasticity 30 0.14153539471673757
Plasticity 31 0.19969206481183727
Plasticity 32 0.21777718594431497
Plasticity 33 0.2398114268877964
Plasticity 34 0.24250350613361943
Plasticity 35 0.2524820299804903
Plasticity 36 0.233997388536055
Plasticity 37 0.2219344624100115
Plasticity 38 0.227015165809974
Plasticity 39 0.1842973601741852
Plasticity 40 0.18709135062861043
Plasticity 41 0.22595135108969402
Plasticity 42 0.22841686545344575
Plasticity 43 0.24507976507350598
Plasticity 44 0.2496231847321221
Plasticity 45 0.24025297887579578
Plasticity 46 0.25183885282508495
Plasticity 47 0.22094589833233425
Plasticity 48 0.19744796004928378
Plasticity 49 0.16296198445627091
Plasticity 50 0.15849438401358057
Plasticity 51 0.19803115832267928
Plasticity 52 0.22111643612879447
Plasticity 53 0.23996112191082253
Plasticity 54 0.24656277127038803
Plasticity 55 0.2466173491173342
Plasticity 56 0.26236525667801425
Plasticity 57 0.23271371440996547
Plasticity 58 0.22538196317824757
Plasticity 59 0.17596336392131706
Plasticity 60 0.18238004073589217
Plasticity 61 0.21563765578469896
Plasticity 62 0.23845086421225442
Plasticity 63 0.22752046775960505
Plasticity 64 0.2493224339071437
Plasticity 65 0.23093152412592133
Plasticity 66 0.2428553027837621
Plasticity 67 0.22109125747597394
Plasticity 68 0.20976440200167576
Plasticity 69 0.15048250325419765
Plasticity 70 0.15660002882616725
Plasticity 71 0.20416373612880098
Plasticity 72 0.22431050152264442
Plasticity 73 0.23517088117398766
Plasticity 74 0.2542302720842842
Plasticity 75 0.2360909988501309
Plasticity 76 0.2502075989028888
Plasticity 77 0.22326341128671812
Plasticity 78 0.22796786734514773
Plasticity 79 0.17163812535970197
a = 0.0
Correlation CA1
0.9813164764866329 0.9837448339408364
Correlation CA3
/opt/anaconda3/lib/python3.6/site-packages/scipy/stats/stats.py:3010: RuntimeWarning: invalid value encountered in double_scalars
  r = r_num / r_den
1.0 1.0
a = 0.1
Correlation CA1
0.9780326401944711 0.980220863161412
Correlation CA3
0.9957532017170411 0.9940428889059052
a = 0.2
Correlation CA1
0.9742418210518171 0.9763047511020148
Correlation CA3
0.9781377272547666 0.9713027498685368
a = 0.3
Correlation CA1
0.968038213636563 0.9697631336316739
Correlation CA3
0.9354538620861685 0.9232816419700998
a = 0.4
Correlation CA1
0.9567924738330801 0.9591905560548482
Correlation CA3
0.8494506816862668 0.8423603271010418
a = 0.5
Correlation CA1
0.9394073028217369 0.9412457411300728
Correlation CA3
0.7074003078788335 0.7271060786741648
a = 0.6
Correlation CA1
0.9112947206717922 0.9124943626738421
Correlation CA3
0.5338249958263064 0.5865003937715353
a = 0.7
Correlation CA1
0.8643853273148986 0.8598139707207317
Correlation CA3
0.3751909443845845 0.43705611247433945
a = 0.8
Correlation CA1
0.7728656491599112 0.7512662427966673
Correlation CA3
0.2499449088559391 0.2944056730182814
a = 0.9
Correlation CA1
0.6289363883714905 0.5815948292693143
Correlation CA3
0.15420951164576982 0.16772063244242316
a = 1.0
Correlation CA1
0.40802758355253105 0.34547794970570644
Correlation CA3
0.08005071838516921 0.0598316532900614
Plasticity 0 0.022359748264772446
Plasticity 1 0.11277213133546322
Plasticity 2 0.1757394673742543
Plasticity 3 0.15022950044794392
Plasticity 4 0.1430070172772579
Plasticity 5 0.18312148202172668
Plasticity 6 0.19239769671833187
Plasticity 7 0.22109125747597394
Plasticity 8 0.1837202591231802
Plasticity 9 0.09090892145743903
Plasticity 10 0.11239840778652326
Plasticity 11 0.2292050955037978
Plasticity 12 0.2221327296632013
Plasticity 13 0.24250593730226605
Plasticity 14 0.2618977728981804
Plasticity 15 0.25263240641287893
Plasticity 16 0.24960722074115427
Plasticity 17 0.2566347941906853
Plasticity 18 0.22946496975756364
Plasticity 19 0.1582404351810405
Plasticity 20 0.17243394207348706
Plasticity 21 0.22296580771193225
Plasticity 22 0.22974504676886146
Plasticity 23 0.23967690436153646
Plasticity 24 0.24375854364504218
Plasticity 25 0.2509275480248455
Plasticity 26 0.23746517275896833
Plasticity 27 0.23286534811078913
Plasticity 28 0.2374763963945577
Plasticity 29 0.1444704904123229
Plasticity 30 0.1531721480108479
Plasticity 31 0.21080736208543283
Plasticity 32 0.22329420798823768
Plasticity 33 0.23891325674963992
Plasticity 34 0.24866757541537915
Plasticity 35 0.24541433765822523
Plasticity 36 0.24900684257941968
Plasticity 37 0.2417210345743106
Plasticity 38 0.2276956669065267
Plasticity 39 0.17111065724243182
Plasticity 40 0.19201205207211608
Plasticity 41 0.20260983013628414
Plasticity 42 0.2393360179363624
Plasticity 43 0.23937674543309373
Plasticity 44 0.254134447106799
Plasticity 45 0.24852201131520052
Plasticity 46 0.23956133443527702
Plasticity 47 0.21353258200670988
Plasticity 48 0.21040588335336285
Plasticity 49 0.14765867904058982
Plasticity 50 0.1528113184513406
Plasticity 51 0.20991302782204008
Plasticity 52 0.23200529542601023
Plasticity 53 0.24609861785489223
Plasticity 54 0.25077237956037024
Plasticity 55 0.24887299560316345
Plasticity 56 0.248856748038986
Plasticity 57 0.2278409018620411
Plasticity 58 0.21218024190512555
Plasticity 59 0.18260946219892077
Plasticity 60 0.18499743512073563
Plasticity 61 0.21441629713016003
Plasticity 62 0.22561347238894616
Plasticity 63 0.247481036501048
Plasticity 64 0.23413451724573142
Plasticity 65 0.26355661575048184
Plasticity 66 0.2367165435888581
Plasticity 67 0.2126604271448717
Plasticity 68 0.20014218172636952
Plasticity 69 0.1388228419851073
Plasticity 70 0.14577514204094832
Plasticity 71 0.19854220647318943
Plasticity 72 0.2154542292942423
Plasticity 73 0.23427271103583114
Plasticity 74 0.24611174181074708
Plasticity 75 0.2619557452209733
Plasticity 76 0.2418023046386046
Plasticity 77 0.23994910273870174
Plasticity 78 0.21966575396720506
Plasticity 79 0.17701830015585732
a = 0.0
Correlation CA1
0.9810330676514493 0.9832850658485964
Correlation CA3
1.0 1.0
a = 0.1
Correlation CA1
0.9768629085063959 0.9779406241138525
Correlation CA3
0.9956265648898105 0.9942389008640166
a = 0.2
Correlation CA1
0.969787379121299 0.9717038207456062
Correlation CA3
0.9773986783455816 0.9715460728250226
a = 0.3
Correlation CA1
0.9557816493159315 0.9568242856690573
Correlation CA3
0.9327135870590362 0.92134141123041
a = 0.4
Correlation CA1
0.9305849752481453 0.9300595588528622
Correlation CA3
0.8413505557589075 0.8322167578819842
a = 0.5
Correlation CA1
0.8847538242479306 0.8797903454588518
Correlation CA3
0.6891707826012429 0.7005546367637582
a = 0.6
Correlation CA1
0.785751814767081 0.7695716638141152
Correlation CA3
0.5035849605958301 0.5400492800587984
a = 0.7
Correlation CA1
0.6280876862887943 0.5869195207526164
Correlation CA3
0.33525431590508603 0.3757563063073624
a = 0.8
Correlation CA1
0.4306214971386332 0.3678713489617085
Correlation CA3
0.20356123338398527 0.22696434739326202
a = 0.9
Correlation CA1
0.2560167731341373 0.20501093752507743
Correlation CA3
0.10360476268045535 0.10087055537165958
a = 1.0
Correlation CA1
0.11650871713211197 0.09299607098510926
Correlation CA3
0.026437484629424805 -0.0030152929332534087
Plasticity 0 0.04450755578769871
Plasticity 1 0.14330610191365722
Plasticity 2 0.1555242641582402
Plasticity 3 0.1470778326063787
Plasticity 4 0.14977391083927327
Plasticity 5 0.17094345242914882
Plasticity 6 0.2015309725936768
Plasticity 7 0.2151315325867465
Plasticity 8 0.18705596215195308
Plasticity 9 0.0976496631286319
Plasticity 10 0.11898354724753143
Plasticity 11 0.23508214923466444
Plasticity 12 0.22750456691649437
Plasticity 13 0.2513379436608053
Plasticity 14 0.263401204430317
Plasticity 15 0.2646625210039684
Plasticity 16 0.24285296642164014
Plasticity 17 0.23522395117707806
Plasticity 18 0.24171398949551187
Plasticity 19 0.15992833315630495
Plasticity 20 0.17023533079021852
Plasticity 21 0.2388434702209378
Plasticity 22 0.22826948449032025
Plasticity 23 0.26729152577826953
Plasticity 24 0.24646530106984826
Plasticity 25 0.24461301416202735
Plasticity 26 0.23971106026929906
Plasticity 27 0.21382330029398927
Plasticity 28 0.2243901768201412
Plasticity 29 0.14037139074740834
Plasticity 30 0.15786293228444276
Plasticity 31 0.19483710738199095
Plasticity 32 0.2280853060790126
Plasticity 33 0.2618165952726317
Plasticity 34 0.23784286838399626
Plasticity 35 0.2550384293310968
Plasticity 36 0.25681175868196926
Plasticity 37 0.23123710454695812
Plasticity 38 0.2406251877410276
Plasticity 39 0.18324242393964493
Plasticity 40 0.1794485590248675
Plasticity 41 0.21048080813220144
Plasticity 42 0.2192683863461372
Plasticity 43 0.24087754007530748
Plasticity 44 0.23999915833281138
Plasticity 45 0.26581180641577407
Plasticity 46 0.24180722194560775
Plasticity 47 0.22385308120512815
Plasticity 48 0.21515284535584725
Plasticity 49 0.14948050111388522
Plasticity 50 0.15190924455257238
Plasticity 51 0.18998214995214457
Plasticity 52 0.2231490231976081
Plasticity 53 0.23532057619701371
Plasticity 54 0.2582895372210528
Plasticity 55 0.24691810198211145
Plasticity 56 0.24465410090684392
Plasticity 57 0.22311575030041741
Plasticity 58 0.22769566690652668
Plasticity 59 0.17269306159424225
Plasticity 60 0.1857303055484918
Plasticity 61 0.21428059061298907
Plasticity 62 0.2335815086930685
Plasticity 63 0.22631983204583406
Plasticity 64 0.2550366995817344
Plasticity 65 0.2689690733471831
Plasticity 66 0.2388127052651668
Plasticity 67 0.20393887852649012
Plasticity 68 0.21014929081268802
Plasticity 69 0.1601381602426631
Plasticity 70 0.1493834376360213
Plasticity 71 0.20480254631693867
Plasticity 72 0.20645277227521058
Plasticity 73 0.23786539158845726
Plasticity 74 0.24987032064108833
Plasticity 75 0.23067744728414064
Plasticity 76 0.2542601514945973
Plasticity 77 0.21824293775249304
Plasticity 78 0.2151744467299574
Plasticity 79 0.17533040218059287
a = 0.0
Correlation CA1
0.9846882189667846 0.9863064712838607
Correlation CA3
1.0 1.0
a = 0.1
Correlation CA1
0.9768964391973798 0.9791120698820651
Correlation CA3
0.9959886140146922 0.994028871366661
a = 0.2
Correlation CA1
0.9721596355384493 0.9742795654746024
Correlation CA3
0.9782374515215042 0.9698018076476886
a = 0.3
Correlation CA1
0.9621427271721419 0.9652807383936148
Correlation CA3
0.9312270480013117 0.9145240722303155
a = 0.4
Correlation CA1
0.9414560163385507 0.9466369109443258
Correlation CA3
0.826726125115069 0.8138984670418246
a = 0.5
Correlation CA1
0.8958254398550797 0.9009746608915209
Correlation CA3
0.6416711900820895 0.6631421635046187
a = 0.6
Correlation CA1
0.7945530326840609 0.797583207542423
Correlation CA3
0.4161030125959663 0.4794069587464789
a = 0.7
Correlation CA1
0.6011969281906294 0.5961705253408832
Correlation CA3
0.22310356223469555 0.29405558321834024
a = 0.8
Correlation CA1
0.33270747644988363 0.2987407576329852
Correlation CA3
0.0833653604016655 0.13044285619448662
a = 0.9
Correlation CA1
0.04980494775632732 -0.01970320365979356
Correlation CA3
-0.015114539073236809 -0.003890911612693243
a = 1.0
Correlation CA1
-0.17219505687225534 -0.2531512771286927
Correlation CA3
-0.0862623448341681 -0.11098819027512176
Plasticity 0 0.031791111276927644
Plasticity 1 0.13054968753876728
Plasticity 2 0.16260696309523784
Plasticity 3 0.15368132713156304
Plasticity 4 0.16451070126321782
Plasticity 5 0.2014636994327699
Plasticity 6 0.189702631705935
Plasticity 7 0.22545203178516476
Plasticity 8 0.19860262648232055
Plasticity 9 0.09892493857993864
Plasticity 10 0.11284944473590738
Plasticity 11 0.2283107612404051
Plasticity 12 0.24623340490770548
Plasticity 13 0.25582879435158806
Plasticity 14 0.25648541938248903
Plasticity 15 0.2586474637084236
Plasticity 16 0.26671799835058996
Plasticity 17 0.24290232246471655
Plasticity 18 0.23368407655619028
Plasticity 19 0.1594008650390348
Plasticity 20 0.17327150827663695
Plasticity 21 0.24128618753001554
Plasticity 22 0.24022153894650383
Plasticity 23 0.25198342042768923
Plasticity 24 0.23639014843306988
Plasticity 25 0.24416197602896894
Plasticity 26 0.23402147857646127
Plasticity 27 0.21585832830494495
Plasticity 28 0.24029891434198083
Plasticity 29 0.1417377573023799
Plasticity 30 0.1456849346510715
Plasticity 31 0.22256146954716605
Plasticity 32 0.2174868163630559
Plasticity 33 0.2460986178548922
Plasticity 34 0.2646039496560262
Plasticity 35 0.24676772554972282
Plasticity 36 0.24300306096207383
Plasticity 37 0.23005581665655217
Plasticity 38 0.23150647304722166
Plasticity 39 0.18725118163089793
Plasticity 40 0.18300821538825462
Plasticity 41 0.2121092863382533
Plasticity 42 0.22384262589979145
Plasticity 43 0.2365252356128876
Plasticity 44 0.25744270618156206
Plasticity 45 0.22972875577109883
Plasticity 46 0.24570009363018103
Plasticity 47 0.22050982090141516
Plasticity 48 0.1983460339416457
Plasticity 49 0.14811413455891367
Plasticity 50 0.15344277018047836
Plasticity 51 0.1954759175701286
Plasticity 52 0.21327645743479914
Plasticity 53 0.2446016676246313
Plasticity 54 0.24971997748787472
Plasticity 55 0.2473692312792773
Plasticity 56 0.23955088653209994
Plasticity 57 0.23123710454695806
Plasticity 58 0.20728063400994626
Plasticity 59 0.17311503608805834
Plasticity 60 0.18730074217939788
Plasticity 61 0.21998026433417053
Plasticity 62 0.2275317033510497
Plasticity 63 0.2449296856092846
Plasticity 64 0.2195481022342761
Plasticity 65 0.25664069771025244
Plasticity 66 0.2196477985103446
Plasticity 67 0.22414379949240748
Plasticity 68 0.20065536680771917
Plasticity 69 0.14993595663220904
Plasticity 70 0.14857157112712985
Plasticity 71 0.20480254631693864
Plasticity 72 0.22242309924446035
Plasticity 73 0.24265563232529214
Plasticity 74 0.24280419244004672
Plasticity 75 0.2550384293310968
Plasticity 76 0.23534823939995783
Plasticity 77 0.23551927314967955
Plasticity 78 0.22021015484444723
Plasticity 79 0.18134353871747244
a = 0.0
Correlation CA1
0.9878349054928666 0.9887980790001094
Correlation CA3
1.0 1.0
a = 0.1
Correlation CA1
0.9786330484251178 0.9809652764613983
Correlation CA3
0.9958735355006699 0.9940944341019379
a = 0.2
Correlation CA1
0.9728149815578222 0.9748880013699871
Correlation CA3
0.9785094711695065 0.9715502456957242
a = 0.3
Correlation CA1
0.9649086118121708 0.967649121384164
Correlation CA3
0.9354532192245345 0.9239002198857337
a = 0.4
Correlation CA1
0.9516450818780393 0.9548747949823414
Correlation CA3
0.8471509204575796 0.8434938527012558
a = 0.5
Correlation CA1
0.9337138733413376 0.9347022621472761
Correlation CA3
0.7017992869770197 0.7288566978613191
a = 0.6
Correlation CA1
0.8983102735984744 0.8966487023243255
Correlation CA3
0.5274071632429436 0.5890066724103097
a = 0.7
Correlation CA1
0.836671346184341 0.8293030139676147
Correlation CA3
0.3705210406724825 0.44052090860746207
a = 0.8
Correlation CA1
0.7348587270939133 0.7185594507829259
Correlation CA3
0.2475410876207961 0.2989806682732121
a = 0.9
Correlation CA1
0.5690431906730599 0.5268768543542768
Correlation CA3
0.15345382236196112 0.1733906443001147
a = 1.0
Correlation CA1
0.34209158896684255 0.27311218406649757
Correlation CA3
0.08011209455453887 0.06642447448953932
Plasticity 0 0.030095585342158174
Plasticity 1 0.13529941629537526
Plasticity 2 0.18001859798202371
Plasticity 3 0.1394237821340059
Plasticity 4 0.15443554862643938
Plasticity 5 0.1888346317071336
Plasticity 6 0.19943481091736814
Plasticity 7 0.22385308120512815
Plasticity 8 0.2000138854560321
Plasticity 9 0.10511913362914291
Plasticity 10 0.11690877728036447
Plasticity 11 0.23265467051974126
Plasticity 12 0.23040826272908524
Plasticity 13 0.24639800790094435
Plasticity 14 0.24400693766575596
Plasticity 15 0.23443685809385606
Plasticity 16 0.2422525882599056
Plasticity 17 0.25338625249206903
Plasticity 18 0.24116958861826973
Plasticity 19 0.15887339692176466
Plasticity 20 0.17034002656561226
Plasticity 21 0.22432287288364217
Plasticity 22 0.23387662114877672
Plasticity 23 0.2429786525744067
Plasticity 24 0.2360893976080914
Plasticity 25 0.23754675007744513
Plasticity 26 0.23731544692494633
Plasticity 27 0.221527334906893
Plasticity 28 0.2218242514133929
Plasticity 29 0.14829631676624322
Plasticity 30 0.1483911563473762
Plasticity 31 0.2140014130261212
Plasticity 32 0.21371201180668778
Plasticity 33 0.2372666114963529
Plasticity 34 0.2646039496560262
Plasticity 35 0.24466245549628216
Plasticity 36 0.2536597733328627
Plasticity 37 0.20864497364294493
Plasticity 38 0.24552479563620688
Plasticity 39 0.1850358155383634
Plasticity 40 0.1915932689705412
Plasticity 41 0.2055953735140459
Plasticity 42 0.2341715539241721
Plasticity 43 0.2266199909742768
Plasticity 44 0.2675178588183405
Plasticity 45 0.24822131922649487
Plasticity 46 0.24375365778789437
Plasticity 47 0.19986882250457866
Plasticity 48 0.22400528800912897
Plasticity 49 0.153488509675135
Plasticity 50 0.14911281546639082
Plasticity 51 0.20301387779015317
Plasticity 52 0.22198754487257172
Plasticity 53 0.24579922780884003
Plasticity 54 0.24280419244004675
Plasticity 55 0.2512790185213814
Plasticity 56 0.2385002247490644
Plasticity 57 0.22134381846480855
Plasticity 58 0.22510976273962652
Plasticity 59 0.18493032191490938
Plasticity 60 0.18332230271443584
Plasticity 61 0.21102363420088538
Plasticity 62 0.23004015922456972
Plasticity 63 0.24913191060748313
Plasticity 64 0.24315704199508523
Plasticity 65 0.23769709612179793
Plasticity 66 0.23282367190428482
Plasticity 67 0.21600368744858464
Plasticity 68 0.20822484675762676
Plasticity 69 0.1512112320835158
Plasticity 70 0.15254069628171013
Plasticity 71 0.19279291477995036
Plasticity 72 0.22329420798823763
Plasticity 73 0.24235624227923996
Plasticity 74 0.2567861056889163
Plasticity 75 0.25714369938453746
Plasticity 76 0.24570476268987945
Plasticity 77 0.22208212339631223
Plasticity 78 0.22238775835341573
Plasticity 79 0.16826232940917307
a = 0.0
Correlation CA1
0.9837983320963106 0.9852877534291332
Correlation CA3
1.0 1.0
a = 0.1
Correlation CA1
0.978351579033626 0.9799724972585011
Correlation CA3
0.9960385541955599 0.9942834090310083
a = 0.2
Correlation CA1
0.9706999547681872 0.9729465547004865
Correlation CA3
0.9794938507979254 0.9727927779569178
a = 0.3
Correlation CA1
0.9607932462905153 0.9636333091509094
Correlation CA3
0.9389091014959791 0.9280330344994158
a = 0.4
Correlation CA1
0.9446087303751844 0.9451593266048107
Correlation CA3
0.8564883246931496 0.8532881977021615
a = 0.5
Correlation CA1
0.9163387248449171 0.9139113023507608
Correlation CA3
0.7210166406331583 0.7472515958073569
a = 0.6
Correlation CA1
0.8675846697406002 0.8603886267258575
Correlation CA3
0.5574069342138201 0.6178829612643625
a = 0.7
Correlation CA1
0.7887675669197393 0.7772846633093623
Correlation CA3
0.40941297533306725 0.4798120293765171
a = 0.8
Correlation CA1
0.6767016109487394 0.6580855052343374
Correlation CA3
0.2932542029424292 0.34677841489690814
a = 0.9
Correlation CA1
0.5232243787879797 0.4945926952425355
Correlation CA3
0.20423493319450933 0.22692857538698913
a = 1.0
Correlation CA1
0.34812463366254576 0.30399605689449927
Correlation CA3
0.13449510789518293 0.12308323713409389
Plasticity 0 0.029883644600311992
Plasticity 1 0.12403577381541923
Plasticity 2 0.15685227020892728
Plasticity 3 0.14377608534378652
Plasticity 4 0.15593930275133172
Plasticity 5 0.18282078993302106
Plasticity 6 0.2108139743030438
Plasticity 7 0.2064099839683649
Plasticity 8 0.18051285236474482
Plasticity 9 0.0959189321590013
Plasticity 10 0.116638155110734
Plasticity 11 0.2432589196428267
Plasticity 12 0.21458312055046502
Plasticity 13 0.24400288753252694
Plasticity 14 0.24971997748787472
Plasticity 15 0.23970003322745773
Plasticity 16 0.25516071873719914
Plasticity 17 0.2702196049303533
Plasticity 18 0.24960780221552295
Plasticity 19 0.15064489429235056
Plasticity 20 0.17149168009494337
Plasticity 21 0.23205814436238842
Plasticity 22 0.22723659089534148
Plasticity 23 0.26233890345896416
Plasticity 24 0.23834502879542985
Plasticity 25 0.24897304944825893
Plasticity 26 0.2349198335805935
Plasticity 27 0.22632418664700293
Plasticity 28 0.22169595514305546
Plasticity 29 0.14866068118090228
Plasticity 30 0.14451223858267276
Plasticity 31 0.21246826857459075
Plasticity 32 0.21487349013172408
Plasticity 33 0.23232667573649196
Plasticity 34 0.24551036919789246
Plasticity 35 0.23834664533596017
Plasticity 36 0.24570476268987945
Plasticity 37 0.22355873325931963
Plasticity 38 0.23776708313550632
Plasticity 39 0.18366439843346102
Plasticity 40 0.18332230271443584
Plasticity 41 0.2381649376350829
Plasticity 42 0.2089394583217566
Plasticity 43 0.2456800829303915
Plasticity 44 0.24541267318242369
Plasticity 45 0.2587455423311918
Plasticity 46 0.23971106026929906
Plasticity 47 0.22254484891237086
Plasticity 48 0.19770455258995862
Plasticity 49 0.15977379582800405
Plasticity 50 0.1501050967550359
Plasticity 51 0.19815892036030686
Plasticity 52 0.2215519905006831
Plasticity 53 0.23472179610490937
Plasticity 54 0.25392958577785696
Plasticity 55 0.25533918219587404
Plasticity 56 0.2455546681494458
Plasticity 57 0.21912890367029747
Plasticity 58 0.18972370571888716
Plasticity 59 0.17944465349529992
Plasticity 60 0.1818565618589235
Plasticity 61 0.236672165946202
Plasticity 62 0.21971122327478146
Plasticity 63 0.23922666596887238
Plasticity 64 0.25127731426950367
Plasticity 65 0.2652104222383628
Plasticity 66 0.24495146446007077
Plasticity 67 0.2192015886086579
Plasticity 68 0.214767956544835
Plasticity 69 0.14692995021127167
Plasticity 70 0.1457751420409483
Plasticity 71 0.19522039349487352
Plasticity 72 0.23258603458852842
Plasticity 73 0.22813521509176138
Plasticity 74 0.23859458415006451
Plasticity 75 0.24165492684850978
Plasticity 76 0.24555466814944577
Plasticity 77 0.22843154580724406
Plasticity 78 0.2247014620816949
Plasticity 79 0.18419186655073116
a = 0.0
Correlation CA1
0.9831015709425656 0.9849082089540309
Correlation CA3
1.0 1.0
a = 0.1
Correlation CA1
0.9776632320157909 0.979522385587874
Correlation CA3
0.9952029993807934 0.9942952420820662
a = 0.2
Correlation CA1
0.9716617084576779 0.9739873638041432
Correlation CA3
0.9739745698179332 0.9696031801557269
a = 0.3
Correlation CA1
0.9618476730634563 0.9617939223036379
Correlation CA3
0.9180584652048217 0.9080717144219431
a = 0.4
Correlation CA1
0.9313550821700217 0.9297531034697158
Correlation CA3
0.7948770155407795 0.7843062924322396
a = 0.5
Correlation CA1
0.8423884237937135 0.8379117499239227
Correlation CA3
0.5777978017725492 0.5845080876103845
a = 0.6
Correlation CA1
0.5759911921723253 0.5675560887638779
Correlation CA3
0.31242787953829326 0.3413834275569872
a = 0.7
Correlation CA1
0.13221563009283294 0.10755714585880777
Correlation CA3
0.08400130309178347 0.11422984573055073
a = 0.8
Correlation CA1
-0.21513276656698183 -0.2789073317989941
Correlation CA3
-0.08251092877477749 -0.06711047590695755
a = 0.9
Correlation CA1
-0.42414849646192265 -0.4882489068006198
Correlation CA3
-0.2003831052479889 -0.2033337107329809
a = 1.0
Correlation CA1
-0.5217442376767666 -0.5787812057989229
Correlation CA3
-0.28553114767377624 -0.3046425006629679
Plasticity 0 0.023419451974003365
Plasticity 1 0.11860751237929587
Plasticity 2 0.14593310934772255
Plasticity 3 0.13957386155503285
Plasticity 4 0.1578941831136917
Plasticity 5 0.18372286619913794
Plasticity 6 0.19823700424519172
Plasticity 7 0.2202191026141358
Plasticity 8 0.1850032218265544
Plasticity 9 0.10129330727522262
Plasticity 10 0.12087790243494477
Plasticity 11 0.23584872146042965
Plasticity 12 0.23127937147286248
Plasticity 13 0.24894282329238795
Plasticity 14 0.2485172322621655
Plasticity 15 0.2425571854428415
Plasticity 16 0.23865031928949804
Plasticity 17 0.25501052334137714
Plasticity 18 0.2398085864251644
Plasticity 19 0.1648865334586442
Plasticity 20 0.16981654768864357
Plasticity 21 0.22188015557456436
Plasticity 22 0.22885970940173678
Plasticity 23 0.23112237490091808
Plasticity 24 0.25879608489396516
Plasticity 25 0.23889986447662045
Plasticity 26 0.23551873691668174
Plasticity 27 0.2221087714814518
Plasticity 28 0.21515284535584722
Plasticity 29 0.15275978084581687
Plasticity 30 0.14929323024614444
Plasticity 31 0.2212838491708907
Plasticity 32 0.21516385971298319
Plasticity 33 0.24549983776278783
Plasticity 34 0.24987032064108836
Plasticity 35 0.26496327386874563
Plasticity 36 0.24210249371947193
Plasticity 37 0.21573270098538047
Plasticity 38 0.23368407655619025
Plasticity 39 0.18292594306928284
Plasticity 40 0.1890805703610914
Plasticity 41 0.21441629713016008
Plasticity 42 0.2357946711851462
Plasticity 43 0.23982698382575784
Plasticity 44 0.2291721286335868
Plasticity 45 0.24265851558544074
Plasticity 46 0.23656681775483604
Plasticity 47 0.21004396255935723
Plasticity 48 0.21605091924820913
Plasticity 49 0.15458160291911224
Plasticity 50 0.15551754014764535
Plasticity 51 0.19074872217790984
Plasticity 52 0.2225682840350899
Plasticity 53 0.2586729997890838
Plasticity 54 0.2506220364071566
Plasticity 55 0.2464669726849456
Plasticity 56 0.24105183193643637
Plasticity 57 0.24039208569760398
Plasticity 58 0.2263346647134213
Plasticity 59 0.18123804509401842
Plasticity 60 0.18499743512073563
Plasticity 61 0.2137377645443051
Plasticity 62 0.2108578496035344
Plasticity 63 0.24733095703682662
Plasticity 64 0.24706680271980522
Plasticity 65 0.24431232207332174
Plasticity 66 0.23611764025276993
Plasticity 67 0.22356236291784876
Plasticity 68 0.21014929081268802
Plasticity 69 0.15567469616308946
Plasticity 70 0.14153539471673757
Plasticity 71 0.20403597409117347
Plasticity 72 0.21879347947872177
Plasticity 73 0.23606905131214415
Plasticity 74 0.2479158596493109
Plasticity 75 0.22917368296025445
Plasticity 76 0.23729946842559524
Plasticity 77 0.23271371440996552
Plasticity 78 0.2198018541865156
Plasticity 79 0.17322052971151236
a = 0.0
Correlation CA1
0.985804319121157 0.9871054406515891
Correlation CA3
1.0 1.0
a = 0.1
Correlation CA1
0.9768044603788613 0.9792830930451302
Correlation CA3
0.9956681065045458 0.9939812069139307
a = 0.2
Correlation CA1
0.9705168887292536 0.9734461203677587
Correlation CA3
0.9762740869773021 0.9693061849689656
a = 0.3
Correlation CA1
0.9590388068254329 0.9609845458674319
Correlation CA3
0.9249622919070559 0.9123042673217199
a = 0.4
Correlation CA1
0.934521195168684 0.9359308834718442
Correlation CA3
0.8130296452290303 0.807188952742374
a = 0.5
Correlation CA1
0.8786957529722413 0.8816746288527999
Correlation CA3
0.6198257429872849 0.6482268022502691
a = 0.6
Correlation CA1
0.7510784810844062 0.7681840141607175
Correlation CA3
0.38672909101132874 0.4545280811258095
a = 0.7
Correlation CA1
0.4945988445192874 0.4741384755370388
Correlation CA3
0.1853053024631211 0.26099527276459955
a = 0.8
Correlation CA1
0.16478931360034502 0.1060162427143418
Correlation CA3
0.037239085046663394 0.09237699854840498
a = 0.9
Correlation CA1
-0.1381160963834354 -0.17068459963256857
Correlation CA3
-0.06787476049285471 -0.04433571681844822
a = 1.0
Correlation CA1
-0.3634887873903633 -0.3903539866532466
Correlation CA3
-0.1436435094524701 -0.15209424436273705
Plasticity 0 0.021935866781080074
Plasticity 1 0.13258528557731356
Plasticity 2 0.16083628836098843
Plasticity 3 0.14137481460735585
Plasticity 4 0.1589468110011163
Plasticity 5 0.17590487189279164
Plasticity 6 0.1847616791832074
Plasticity 7 0.21673048316678312
Plasticity 8 0.19000677636971364
Plasticity 9 0.10402604038516569
Plasticity 10 0.12033665809568381
Plasticity 11 0.237126341836705
Plasticity 12 0.23113418668223298
Plasticity 13 0.23202728569043973
Plasticity 14 0.24400693766575593
Plasticity 15 0.26511365030113426
Plasticity 16 0.2557610968989338
Plasticity 17 0.24880876191674609
Plasticity 18 0.2304176712927374
Plasticity 19 0.14199441716912034
Plasticity 20 0.1614408856571445
Plasticity 21 0.24562879607948718
Plasticity 22 0.22458057879396737
Plasticity 23 0.2587369963176511
Plasticity 24 0.25383369628182056
Plasticity 25 0.2552875833110771
Plasticity 26 0.22593628353927067
Plasticity 27 0.22719634150884108
Plasticity 28 0.2297786201743127
Plasticity 29 0.14091793736939695
Plasticity 30 0.14342974990415086
Plasticity 31 0.21604560562816175
Plasticity 32 0.23897416537622834
Plasticity 33 0.24969129840751836
Plasticity 34 0.24926894802823374
Plasticity 35 0.23970003322745775
Plasticity 36 0.2580125150054385
Plasticity 37 0.2387678148482958
Plasticity 38 0.24851900046103867
Plasticity 39 0.18503581553836337
Plasticity 40 0.18080960410498612
Plasticity 41 0.20844521037463665
Plasticity 42 0.24095913519733653
Plasticity 43 0.2383261891835441
Plasticity 44 0.2398487829203222
Plasticity 45 0.24130540118626545
Plasticity 46 0.23132641356406436
Plasticity 47 0.23228391153623038
Plasticity 48 0.2047608474585165
Plasticity 49 0.15767870044371438
Plasticity 50 0.15181903716269554
Plasticity 51 0.1947093453443634
Plasticity 52 0.22155199050068308
Plasticity 53 0.234123016012805
Plasticity 54 0.24866757541537915
Plasticity 55 0.23473761095863335
Plasticity 56 0.23985107561296726
Plasticity 57 0.22857920679354476
Plasticity 58 0.23735878247757475
Plasticity 59 0.17427546594605262
Plasticity 60 0.18217064918510473
Plasticity 61 0.2279869488472588
Plasticity 62 0.2151369802113038
Plasticity 63 0.24598024185883421
Plasticity 64 0.2536833208693313
Plasticity 65 0.23514121336780008
Plasticity 66 0.2286313485516675
Plasticity 67 0.22123661661961364
Plasticity 68 0.21027758708302544
Plasticity 69 0.15266868974215209
Plasticity 70 0.14406120163328867
Plasticity 71 0.20467478427931113
Plasticity 72 0.2080498049721356
Plasticity 73 0.23801508661148335
Plasticity 74 0.24100007460148293
Plasticity 75 0.2518805242509359
Plasticity 76 0.2511081661454907
Plasticity 77 0.20953093956074942
Plasticity 78 0.21667154914237324
Plasticity 79 0.1877786497481681
a = 0.0
Correlation CA1
0.9824877580761175 0.9846695748043744
Correlation CA3
1.0 1.0
a = 0.1
Correlation CA1
0.9766175149224655 0.979035411508641
Correlation CA3
0.9960216010861981 0.9939810618098128
a = 0.2
Correlation CA1
0.9718278355388051 0.9744860433743034
Correlation CA3
0.9781975246085771 0.9698729070611686
a = 0.3
Correlation CA1
0.9641240470340171 0.9661557493690611
Correlation CA3
0.9307118288370603 0.9158124079010543
a = 0.4
Correlation CA1
0.9496773141970803 0.9519399059689523
Correlation CA3
0.8257578940749163 0.8191640168546936
a = 0.5
Correlation CA1
0.9161892483164492 0.9185014237416254
Correlation CA3
0.6419561734369681 0.6761096696471123
a = 0.6
Correlation CA1
0.8374621062626946 0.839739158649565
Correlation CA3
0.41940082357987446 0.5017196366491464
a = 0.7
Correlation CA1
0.6833822318609619 0.6628595964735391
Correlation CA3
0.22983798682766124 0.32358426823675424
a = 0.8
Correlation CA1
0.4091723103206018 0.3580913550070579
Correlation CA3
0.09342998114081778 0.16344154587703455
a = 0.9
Correlation CA1
0.006887453204455463 -0.014954481998421304
Correlation CA3
-0.0020195419455345718 0.02963087746282214
a = 1.0
Correlation CA1
-0.3159102204290549 -0.316119929145702
Correlation CA3
-0.07058583689483608 -0.07853378342726607
Plasticity 0 0.03094334830954291
Plasticity 1 0.11982887120242362
Plasticity 2 0.16349230046236257
Plasticity 3 0.14767815029048637
Plasticity 4 0.16090169136347632
Plasticity 5 0.17755867838067257
Plasticity 6 0.1859594858553838
Plasticity 7 0.2273417006524808
Plasticity 8 0.1938556644798361
Plasticity 9 0.09892493857993864
Plasticity 10 0.11745002161962542
Plasticity 11 0.22741642697701236
Plasticity 12 0.22968233877593752
Plasticity 13 0.23322484587464842
Plasticity 14 0.24430762397218325
Plasticity 15 0.2457150905230025
Plasticity 16 0.25471043511589825
Plasticity 17 0.24393594936882168
Plasticity 18 0.2482468000224176
Plasticity 19 0.16235468649574758
Plasticity 20 0.17735464351699276
Plasticity 21 0.22201586209173538
Plasticity 22 0.23889353289581677
Plasticity 23 0.2375757918624372
Plasticity 24 0.26420959974357744
Plasticity 25 0.24341024580720488
Plasticity 26 0.24510119029409283
Plasticity 27 0.21731191974134192
Plasticity 28 0.22695610222688956
Plasticity 29 0.15248650753482257
Plasticity 30 0.14442203119279592
Plasticity 31 0.20697450095660674
Plasticity 32 0.22532679505705122
Plasticity 33 0.23801508661148335
Plasticity 34 0.25407992893107056
Plasticity 35 0.236842881012074
Plasticity 36 0.23759965750646253
Plasticity 37 0.23581459512228103
Plasticity 38 0.2278317671258372
Plasticity 39 0.1847193346680013
Plasticity 40 0.1843692604683732
Plasticity 41 0.2214730360230514
Plasticity 42 0.2427298085729446
Plasticity 43 0.23787595079087995
Plasticity 44 0.2515780650944821
Plasticity 45 0.23514121336780008
Plasticity 46 0.24060941527343135
Plasticity 47 0.22298092634328998
Plasticity 48 0.21002099454235057
Plasticity 49 0.15193996091283396
Plasticity 50 0.15398401451973934
Plasticity 51 0.20429149816642855
Plasticity 52 0.23215048021663978
Plasticity 53 0.23472179610490934
Plasticity 54 0.2420524766739785
Plasticity 55 0.25263240641287893
Plasticity 56 0.2506578825241898
Plasticity 57 0.22193446241001152
Plasticity 58 0.22497366252031598
Plasticity 59 0.1734315169584204
Plasticity 60 0.17651707731384284
Plasticity 61 0.22785124233008783
Plasticity 62 0.2248756912496756
Plasticity 63 0.2431287320386281
Plasticity 64 0.24872093225718672
Plasticity 65 0.23469017523474167
Plasticity 66 0.22698436437742497
Plasticity 67 0.21367794115034958
Plasticity 68 0.21014929081268802
Plasticity 69 0.15285087194948166
Plasticity 70 0.15109737804368095
Plasticity 71 0.19841444443556192
Plasticity 72 0.2167608924099082
Plasticity 73 0.24130837711805733
Plasticity 74 0.2561847330760617
Plasticity 75 0.2381962689035716
Plasticity 76 0.24480419544727755
Plasticity 77 0.22976049468395068
Plasticity 78 0.20864163620305162
Plasticity 79 0.17606885754477108
a = 0.0
Correlation CA1
0.9827653441647101 0.985523419493604
Correlation CA3
1.0 1.0
a = 0.1
Correlation CA1
0.9778368936739629 0.9799999721297833
Correlation CA3
0.9966317674739609 0.9946077347185971
a = 0.2
Correlation CA1
0.9754464647435532 0.977929872542909
Correlation CA3
0.9827308372964939 0.9750521030190779
a = 0.3
Correlation CA1
0.9706918752669916 0.9734229521757765
Correlation CA3
0.9486379030324242 0.9360231837144602
a = 0.4
Correlation CA1
0.963015190122679 0.9656194445369397
Correlation CA3
0.878303931867538 0.8734102613003266
a = 0.5
Correlation CA1
0.9520087521619043 0.9544722739673684
Correlation CA3
0.7605696093085815 0.7867978421970447
a = 0.6
Correlation CA1
0.9352807665514624 0.9378595061418207
Correlation CA3
0.6185426377169899 0.6810764322642542
a = 0.7
Correlation CA1
0.9095687095011701 0.9108725712613728
Correlation CA3
0.49166468674942576 0.5652636411320882
a = 0.8
Correlation CA1
0.8678249287790303 0.8659584941262034
Correlation CA3
0.39247615690303417 0.4490370753085305
a = 0.9
Correlation CA1
0.8013357682253709 0.7968314499628196
Correlation CA3
0.31604993410319776 0.3396809902654227
a = 1.0
Correlation CA1
0.7015853816035444 0.6975821123317533
Correlation CA3
0.2555901989996377 0.2411245441672521
Plasticity 0 0.045355318755083446
Plasticity 1 0.14656305877533127
Plasticity 2 0.15537670793038605
Plasticity 3 0.14572711781713643
Plasticity 4 0.15999943888854093
Plasticity 5 0.16327580416715531
Plasticity 6 0.1919485192162657
Plasticity 7 0.20626462482472518
Plasticity 8 0.18718425842229047
Plasticity 9 0.09582784105533651
Plasticity 10 0.1184423029082705
Plasticity 11 0.23099376403058333
Plasticity 12 0.2275045669164944
Plasticity 13 0.24430227757857914
Plasticity 14 0.250020663794302
Plasticity 15 0.2427075618752301
Plasticity 16 0.25020759890288885
Plasticity 17 0.24777513501264092
Plasticity 18 0.2372226822582642
Plasticity 19 0.15676352445268416
Plasticity 20 0.1670944575284064
Plasticity 21 0.2324652639139014
Plasticity 22 0.24051665140221207
Plasticity 23 0.24207817578907848
Plasticity 24 0.2551870749942236
Plasticity 25 0.25453585308931304
Plasticity 26 0.25138967532301887
Plasticity 27 0.21847479289045946
Plasticity 28 0.22028469616934387
Plasticity 29 0.1419199395097094
Plasticity 30 0.15217986672220285
Plasticity 31 0.20339716390303578
Plasticity 32 0.22387494715075582
Plasticity 33 0.23112911555228322
Plasticity 34 0.2631005181238897
Plasticity 35 0.2714294604614562
Plasticity 36 0.23054521410608114
Plasticity 37 0.21248415928676417
Plasticity 38 0.23885588488999063
Plasticity 39 0.18102705784711035
Plasticity 40 0.1935824887030222
Plasticity 41 0.2187589056796317
Plasticity 42 0.2343191100388061
Plasticity 43 0.23112237490091805
Plasticity 44 0.26240509479370666
Plasticity 45 0.247319242960378
Plasticity 46 0.24030996360538726
Plasticity 47 0.20960788512843817
Plasticity 48 0.20501743999919134
Plasticity 49 0.1466566769002774
Plasticity 50 0.14667721593971655
Plasticity 51 0.20863540744576473
Plasticity 52 0.2259075342195694
Plasticity 53 0.23292545582859628
Plasticity 54 0.23664012315828703
Plasticity 55 0.2676700496517408
Plasticity 56 0.24150211555773737
Plasticity 57 0.22961283369764995
Plasticity 58 0.22796786734514773
Plasticity 59 0.18461384104454726
Plasticity 60 0.18070490832959235
Plasticity 61 0.21550194926752797
Plasticity 62 0.23107305281954849
Plasticity 63 0.24447944721662046
Plasticity 64 0.2604502144313467
Plasticity 65 0.2528820466014321
Plasticity 66 0.23312312357232898
Plasticity 67 0.22617882750336324
Plasticity 68 0.20514573626952876
Plasticity 69 0.14884286338823183
Plasticity 70 0.14875198590688352
Plasticity 71 0.19522039349487352
Plasticity 72 0.2269238277539762
Plasticity 73 0.2279855200687353
Plasticity 74 0.23483600531972323
Plasticity 75 0.2663166617602432
Plasticity 76 0.2461550463111804
Plasticity 77 0.21868592071139523
Plasticity 78 0.21027483883477807
Plasticity 79 0.17976113436566205
a = 0.0
Correlation CA1
0.9803122532076571 0.9823533715716057
Correlation CA3
1.0 1.0
a = 0.1
Correlation CA1
0.9777501475221423 0.9799265310822637
Correlation CA3
0.9960285483927526 0.9939286146567674
a = 0.2
Correlation CA1
0.9725274741880443 0.9751364341830984
Correlation CA3
0.9786272785019701 0.9702162253009741
a = 0.3
Correlation CA1
0.9667356170611305 0.9691551100487232
Correlation CA3
0.9335708204945485 0.9187933819575019
a = 0.4
Correlation CA1
0.9549256169055367 0.9562624560029401
Correlation CA3
0.837123635262185 0.8299993260326443
a = 0.5
Correlation CA1
0.9373359972383086 0.9378247566932312
Correlation CA3
0.6723025169361642 0.7016113838371116
a = 0.6
Correlation CA1
0.8960636011292715 0.8968003173716529
Correlation CA3
0.4718151427540807 0.5450280377279103
a = 0.7
Correlation CA1
0.8226049609978222 0.8206882949399414
Correlation CA3
0.2953559973049179 0.3811743618720898
a = 0.8
Correlation CA1
0.6617890773881362 0.6261626166238541
Correlation CA3
0.1636086468906228 0.22860154952182124
a = 0.9
Correlation CA1
0.3764418282682008 0.328356293938929
Correlation CA3
0.06867154406828686 0.09672617101700351
a = 1.0
Correlation CA1
-0.02539217980941089 -0.04399950729189499
Correlation CA3
-0.0010949848981017215 -0.012804904380510998
columns
mean [[ 0.98519822  1.        ]
 [ 0.97959787  0.99414824]
 [ 0.97451085  0.97110443]
 [ 0.96546629  0.92020853]
 [ 0.94754269  0.82993265]
 [ 0.91010091  0.6964165 ]
 [ 0.82468256  0.53365819]
 [ 0.66256078  0.36724483]
 [ 0.44718447  0.21639187]
 [ 0.22396719  0.08833881]
 [ 0.01307585 -0.0171615 ]] std [[1.79353539e-03 0.00000000e+00]
 [7.79203336e-04 1.97879195e-04]
 [1.65014008e-03 1.68397118e-03]
 [4.60727295e-03 7.74017706e-03]
 [1.17261912e-02 2.39821976e-02]
 [3.37921461e-02 5.39968612e-02]
 [1.02703139e-01 9.05793842e-02]
 [2.28078446e-01 1.20399652e-01]
 [3.31340152e-01 1.37926284e-01]
 [3.75736673e-01 1.45179554e-01]
 [3.78580960e-01 1.45923301e-01]]
rows
mean [[ 0.98331422  1.        ]
 [ 0.97754489  0.99588335]
 [ 0.97216841  0.97815815]
 [ 0.96341025  0.93296981]
 [ 0.94585817  0.83702587]
 [ 0.90966573  0.67335101]
 [ 0.82533707  0.47472426]
 [ 0.67614792  0.29996481]
 [ 0.48361978  0.16819097]
 [ 0.26494261  0.07148326]
 [ 0.05176074 -0.00104322]] std [[2.19078507e-03 0.00000000e+00]
 [6.71415341e-04 3.50381753e-04]
 [1.62842451e-03 2.11362636e-03]
 [4.20065242e-03 7.66898475e-03]
 [1.06643904e-02 2.22343593e-02]
 [3.22584358e-02 5.10722397e-02]
 [1.00964298e-01 8.67238934e-02]
 [2.20594964e-01 1.14561751e-01]
 [3.13760486e-01 1.31522350e-01]
 [3.66345059e-01 1.40809157e-01]
 [3.76582637e-01 1.45435777e-01]]
